e:\work\work2018\test\mfcapplication1\mfcapplication1\release\mfcapplication1.pch
e:\work\work2018\test\mfcapplication1\mfcapplication1\release\vc140.pdb
e:\work\work2018\test\mfcapplication1\mfcapplication1\release\stdafx.obj
e:\work\work2018\test\mfcapplication1\mfcapplication1\release\statusdrive.obj
e:\work\work2018\test\mfcapplication1\mfcapplication1\release\shockwaveflash1.obj
e:\work\work2018\test\mfcapplication1\mfcapplication1\release\mfcapplication1dlg.obj
e:\work\work2018\test\mfcapplication1\mfcapplication1\release\mfcapplication1.obj
e:\work\work2018\test\mfcapplication1\mfcapplication1\release\gamesystem.obj
e:\work\work2018\test\mfcapplication1\mfcapplication1\release\gamerunstatus.obj
e:\work\work2018\test\mfcapplication1\mfcapplication1\release\gameloadstatus.obj
e:\work\work2018\test\mfcapplication1\mfcapplication1\release\gameidlestatus.obj
e:\work\work2018\test\mfcapplication1\mfcapplication1\release\direct9tool.obj
e:\work\work2018\test\mfcapplication1\mfcapplication1\release\direct9texture.obj
e:\work\work2018\test\mfcapplication1\mfcapplication1\release\direct9render.obj
e:\work\work2018\test\mfcapplication1\release\mfcapplication1.exe
e:\work\work2018\test\mfcapplication1\release\mfcapplication1.ipdb
e:\work\work2018\test\mfcapplication1\release\mfcapplication1.iobj
e:\work\work2018\test\mfcapplication1\release\mfcapplication1.pdb
e:\work\work2018\test\mfcapplication1\mfcapplication1\release\mfcapplication1.res
e:\work\work2018\test\mfcapplication1\mfcapplication1\release\mfcapplication1.tlog\cl.command.1.tlog
e:\work\work2018\test\mfcapplication1\mfcapplication1\release\mfcapplication1.tlog\cl.read.1.tlog
e:\work\work2018\test\mfcapplication1\mfcapplication1\release\mfcapplication1.tlog\cl.write.1.tlog
e:\work\work2018\test\mfcapplication1\mfcapplication1\release\mfcapplication1.tlog\link.command.1.tlog
e:\work\work2018\test\mfcapplication1\mfcapplication1\release\mfcapplication1.tlog\link.read.1.tlog
e:\work\work2018\test\mfcapplication1\mfcapplication1\release\mfcapplication1.tlog\link.write.1.tlog
e:\work\work2018\test\mfcapplication1\mfcapplication1\release\mfcapplication1.tlog\rc.command.1.tlog
e:\work\work2018\test\mfcapplication1\mfcapplication1\release\mfcapplication1.tlog\rc.read.1.tlog
e:\work\work2018\test\mfcapplication1\mfcapplication1\release\mfcapplication1.tlog\rc.write.1.tlog
