e:\work\work2018\test\mfcapplication1\mfcapplication1\debug\mfcapplication1d.pch
e:\work\work2018\test\mfcapplication1\mfcapplication1\debug\vc140.pdb
e:\work\work2018\test\mfcapplication1\mfcapplication1\debug\vc140.idb
e:\work\work2018\test\mfcapplication1\mfcapplication1\debug\stdafx.obj
e:\work\work2018\test\mfcapplication1\mfcapplication1\debug\direct9render.obj
e:\work\work2018\test\mfcapplication1\mfcapplication1\debug\direct9texture.obj
e:\work\work2018\test\mfcapplication1\mfcapplication1\debug\direct9tool.obj
e:\work\work2018\test\mfcapplication1\mfcapplication1\debug\gameidlestatus.obj
e:\work\work2018\test\mfcapplication1\mfcapplication1\debug\gameloadstatus.obj
e:\work\work2018\test\mfcapplication1\mfcapplication1\debug\gamerunstatus.obj
e:\work\work2018\test\mfcapplication1\mfcapplication1\debug\gamesystem.obj
e:\work\work2018\test\mfcapplication1\mfcapplication1\debug\mfcapplication1.obj
e:\work\work2018\test\mfcapplication1\mfcapplication1\debug\mfcapplication1dlg.obj
e:\work\work2018\test\mfcapplication1\mfcapplication1\debug\shockwaveflash1.obj
e:\work\work2018\test\mfcapplication1\mfcapplication1\debug\statusdrive.obj
e:\work\work2018\test\mfcapplication1\bin\mfcapplication1d.ilk
e:\work\work2018\test\mfcapplication1\bin\mfcapplication1d.exe
e:\work\work2018\test\mfcapplication1\bin\mfcapplication1d.pdb
e:\work\work2018\test\mfcapplication1\mfcapplication1\debug\mfcapplication1.res
e:\work\work2018\test\mfcapplication1\mfcapplication1\debug\mfcapplication1.tlog\cl.command.1.tlog
e:\work\work2018\test\mfcapplication1\mfcapplication1\debug\mfcapplication1.tlog\cl.read.1.tlog
e:\work\work2018\test\mfcapplication1\mfcapplication1\debug\mfcapplication1.tlog\cl.write.1.tlog
e:\work\work2018\test\mfcapplication1\mfcapplication1\debug\mfcapplication1.tlog\link.command.1.tlog
e:\work\work2018\test\mfcapplication1\mfcapplication1\debug\mfcapplication1.tlog\link.read.1.tlog
e:\work\work2018\test\mfcapplication1\mfcapplication1\debug\mfcapplication1.tlog\link.write.1.tlog
e:\work\work2018\test\mfcapplication1\mfcapplication1\debug\mfcapplication1.tlog\rc.command.1.tlog
e:\work\work2018\test\mfcapplication1\mfcapplication1\debug\mfcapplication1.tlog\rc.read.1.tlog
e:\work\work2018\test\mfcapplication1\mfcapplication1\debug\mfcapplication1.tlog\rc.write.1.tlog
